<?xml version="1.0" encoding="UTF-8"?>
<!-- Generated by org.testng.reporters.JUnitReportReporter -->
<testsuite hostname="Angabis-MacBook-Air.local" failures="0" tests="1" name="com.wingify.TestScripts.StartFreeTrial" time="18.268" errors="0" timestamp="23 Apr 2021 16:52:46 GMT" skipped="0">
  <testcase classname="com.wingify.TestScripts.StartFreeTrial" name="startfreetrial" time="18.268"/>
</testsuite> <!-- com.wingify.TestScripts.StartFreeTrial -->
